{"C:\\Users\\saull\\Documents\\React Fernando Herrera 0 a experto\\03-gifs-app\\src\\GifsApp.tsx": {"path":"C:\\Users\\saull\\Documents\\React Fernando Herrera 0 a experto\\03-gifs-app\\src\\GifsApp.tsx","statementMap":{"0":{"start":{"line":7,"column":23},"end":{"line":29,"column":null}},"1":{"start":{"line":13,"column":5},"end":{"line":13,"column":null}},"2":{"start":{"line":14,"column":4},"end":{"line":26,"column":null}}},"fnMap":{"0":{"name":"(anonymous_0)","decl":{"start":{"line":7,"column":23},"end":{"line":7,"column":null}},"loc":{"start":{"line":7,"column":23},"end":{"line":29,"column":null}},"line":7}},"branchMap":{},"s":{"0":1,"1":1,"2":1},"f":{"0":1},"b":{},"meta":{"lastBranch":0,"lastFunction":1,"lastStatement":3,"seen":{"s:7:23:29:Infinity":0,"f:7:23:7:Infinity":0,"s:13:5:13:Infinity":1,"s:14:4:26:Infinity":2}}}
,"C:\\Users\\saull\\Documents\\React Fernando Herrera 0 a experto\\03-gifs-app\\src\\counter\\components\\MyCounterApp.tsx": {"path":"C:\\Users\\saull\\Documents\\React Fernando Herrera 0 a experto\\03-gifs-app\\src\\counter\\components\\MyCounterApp.tsx","statementMap":{"0":{"start":{"line":3,"column":28},"end":{"line":16,"column":null}},"1":{"start":{"line":4,"column":58},"end":{"line":4,"column":null}},"2":{"start":{"line":5,"column":4},"end":{"line":12,"column":null}}},"fnMap":{"0":{"name":"(anonymous_0)","decl":{"start":{"line":3,"column":28},"end":{"line":3,"column":null}},"loc":{"start":{"line":3,"column":28},"end":{"line":16,"column":null}},"line":3}},"branchMap":{},"s":{"0":2,"1":5,"2":5},"f":{"0":5},"b":{},"meta":{"lastBranch":0,"lastFunction":1,"lastStatement":3,"seen":{"s:3:28:16:Infinity":0,"f:3:28:3:Infinity":0,"s:4:58:4:Infinity":1,"s:5:4:12:Infinity":2}}}
,"C:\\Users\\saull\\Documents\\React Fernando Herrera 0 a experto\\03-gifs-app\\src\\counter\\hooks\\useCounter.tsx": {"path":"C:\\Users\\saull\\Documents\\React Fernando Herrera 0 a experto\\03-gifs-app\\src\\counter\\hooks\\useCounter.tsx","statementMap":{"0":{"start":{"line":3,"column":26},"end":{"line":24,"column":null}},"1":{"start":{"line":4,"column":31},"end":{"line":4,"column":null}},"2":{"start":{"line":6,"column":22},"end":{"line":8,"column":null}},"3":{"start":{"line":7,"column":8},"end":{"line":7,"column":null}},"4":{"start":{"line":9,"column":27},"end":{"line":11,"column":null}},"5":{"start":{"line":10,"column":8},"end":{"line":10,"column":null}},"6":{"start":{"line":10,"column":34},"end":{"line":10,"column":null}},"7":{"start":{"line":12,"column":24},"end":{"line":14,"column":null}},"8":{"start":{"line":13,"column":8},"end":{"line":13,"column":null}},"9":{"start":{"line":16,"column":4},"end":{"line":23,"column":null}}},"fnMap":{"0":{"name":"(anonymous_0)","decl":{"start":{"line":3,"column":26},"end":{"line":3,"column":27}},"loc":{"start":{"line":3,"column":52},"end":{"line":24,"column":null}},"line":3},"1":{"name":"(anonymous_1)","decl":{"start":{"line":6,"column":22},"end":{"line":6,"column":null}},"loc":{"start":{"line":6,"column":22},"end":{"line":8,"column":null}},"line":6},"2":{"name":"(anonymous_2)","decl":{"start":{"line":9,"column":27},"end":{"line":9,"column":null}},"loc":{"start":{"line":9,"column":27},"end":{"line":11,"column":null}},"line":9},"3":{"name":"(anonymous_3)","decl":{"start":{"line":10,"column":19},"end":{"line":10,"column":20}},"loc":{"start":{"line":10,"column":34},"end":{"line":10,"column":null}},"line":10},"4":{"name":"(anonymous_4)","decl":{"start":{"line":12,"column":24},"end":{"line":12,"column":null}},"loc":{"start":{"line":12,"column":24},"end":{"line":14,"column":null}},"line":12}},"branchMap":{"0":{"loc":{"start":{"line":3,"column":27},"end":{"line":3,"column":52}},"type":"default-arg","locations":[{"start":{"line":3,"column":50},"end":{"line":3,"column":52}}],"line":3}},"s":{"0":2,"1":12,"2":12,"3":2,"4":12,"5":6,"6":6,"7":12,"8":1,"9":12},"f":{"0":12,"1":2,"2":6,"3":6,"4":1},"b":{"0":[12]},"meta":{"lastBranch":1,"lastFunction":5,"lastStatement":10,"seen":{"s:3:26:24:Infinity":0,"f:3:26:3:27":0,"b:3:50:3:52":0,"s:4:31:4:Infinity":1,"s:6:22:8:Infinity":2,"f:6:22:6:Infinity":1,"s:7:8:7:Infinity":3,"s:9:27:11:Infinity":4,"f:9:27:9:Infinity":2,"s:10:8:10:Infinity":5,"f:10:19:10:20":3,"s:10:34:10:Infinity":6,"s:12:24:14:Infinity":7,"f:12:24:12:Infinity":4,"s:13:8:13:Infinity":8,"s:16:4:23:Infinity":9}}}
,"C:\\Users\\saull\\Documents\\React Fernando Herrera 0 a experto\\03-gifs-app\\src\\gifs\\actions\\get-gifs-by-query.action.ts": {"path":"C:\\Users\\saull\\Documents\\React Fernando Herrera 0 a experto\\03-gifs-app\\src\\gifs\\actions\\get-gifs-by-query.action.ts","statementMap":{"0":{"start":{"line":5,"column":30},"end":{"line":30,"column":null}},"1":{"start":{"line":6,"column":4},"end":{"line":8,"column":null}},"2":{"start":{"line":7,"column":8},"end":{"line":7,"column":null}},"3":{"start":{"line":9,"column":4},"end":{"line":28,"column":null}},"4":{"start":{"line":10,"column":25},"end":{"line":16,"column":null}},"5":{"start":{"line":17,"column":8},"end":{"line":24,"column":null}},"6":{"start":{"line":17,"column":49},"end":{"line":24,"column":null}},"7":{"start":{"line":26,"column":8},"end":{"line":26,"column":null}},"8":{"start":{"line":27,"column":8},"end":{"line":27,"column":null}}},"fnMap":{"0":{"name":"(anonymous_0)","decl":{"start":{"line":5,"column":30},"end":{"line":5,"column":37}},"loc":{"start":{"line":5,"column":37},"end":{"line":30,"column":null}},"line":5},"1":{"name":"(anonymous_1)","decl":{"start":{"line":17,"column":39},"end":{"line":17,"column":40}},"loc":{"start":{"line":17,"column":49},"end":{"line":24,"column":null}},"line":17}},"branchMap":{"0":{"loc":{"start":{"line":6,"column":4},"end":{"line":8,"column":null}},"type":"if","locations":[{"start":{"line":6,"column":4},"end":{"line":8,"column":null}},{"start":{},"end":{}}],"line":6}},"s":{"0":3,"1":6,"2":1,"3":5,"4":5,"5":4,"6":40,"7":1,"8":1},"f":{"0":6,"1":40},"b":{"0":[1,5]},"meta":{"lastBranch":1,"lastFunction":2,"lastStatement":9,"seen":{"s:5:30:30:Infinity":0,"f:5:30:5:37":0,"b:6:4:8:Infinity:undefined:undefined:undefined:undefined":0,"s:6:4:8:Infinity":1,"s:7:8:7:Infinity":2,"s:9:4:28:Infinity":3,"s:10:25:16:Infinity":4,"s:17:8:24:Infinity":5,"f:17:39:17:40":1,"s:17:49:24:Infinity":6,"s:26:8:26:Infinity":7,"s:27:8:27:Infinity":8}}}
,"C:\\Users\\saull\\Documents\\React Fernando Herrera 0 a experto\\03-gifs-app\\src\\gifs\\api\\giphy.api.ts": {"path":"C:\\Users\\saull\\Documents\\React Fernando Herrera 0 a experto\\03-gifs-app\\src\\gifs\\api\\giphy.api.ts","statementMap":{"0":{"start":{"line":3,"column":24},"end":{"line":10,"column":null}}},"fnMap":{},"branchMap":{},"s":{"0":4},"f":{},"b":{},"meta":{"lastBranch":0,"lastFunction":0,"lastStatement":1,"seen":{"s:3:24:10:Infinity":0}}}
,"C:\\Users\\saull\\Documents\\React Fernando Herrera 0 a experto\\03-gifs-app\\src\\gifs\\components\\GifList.tsx": {"path":"C:\\Users\\saull\\Documents\\React Fernando Herrera 0 a experto\\03-gifs-app\\src\\gifs\\components\\GifList.tsx","statementMap":{"0":{"start":{"line":7,"column":33},"end":{"line":21,"column":null}},"1":{"start":{"line":8,"column":4},"end":{"line":12,"column":38}},"2":{"start":{"line":11,"column":26},"end":{"line":12,"column":38}}},"fnMap":{"0":{"name":"(anonymous_0)","decl":{"start":{"line":7,"column":33},"end":{"line":7,"column":34}},"loc":{"start":{"line":7,"column":42},"end":{"line":21,"column":null}},"line":7},"1":{"name":"(anonymous_1)","decl":{"start":{"line":11,"column":25},"end":{"line":11,"column":26}},"loc":{"start":{"line":11,"column":26},"end":{"line":12,"column":38}},"line":11}},"branchMap":{},"s":{"0":1,"1":1,"2":0},"f":{"0":1,"1":0},"b":{},"meta":{"lastBranch":0,"lastFunction":2,"lastStatement":3,"seen":{"s:7:33:21:Infinity":0,"f:7:33:7:34":0,"s:8:4:12:38":1,"f:11:25:11:26":1,"s:11:26:12:38":2}}}
,"C:\\Users\\saull\\Documents\\React Fernando Herrera 0 a experto\\03-gifs-app\\src\\gifs\\components\\PreviousSearches.tsx": {"path":"C:\\Users\\saull\\Documents\\React Fernando Herrera 0 a experto\\03-gifs-app\\src\\gifs\\components\\PreviousSearches.tsx","statementMap":{"0":{"start":{"line":8,"column":43},"end":{"line":21,"column":null}},"1":{"start":{"line":9,"column":4},"end":{"line":14,"column":35}},"2":{"start":{"line":13,"column":31},"end":{"line":14,"column":35}},"3":{"start":{"line":14,"column":50},"end":{"line":14,"column":null}}},"fnMap":{"0":{"name":"(anonymous_0)","decl":{"start":{"line":8,"column":43},"end":{"line":8,"column":44}},"loc":{"start":{"line":8,"column":70},"end":{"line":21,"column":null}},"line":8},"1":{"name":"(anonymous_1)","decl":{"start":{"line":13,"column":30},"end":{"line":13,"column":31}},"loc":{"start":{"line":13,"column":31},"end":{"line":14,"column":35}},"line":13},"2":{"name":"(anonymous_2)","decl":{"start":{"line":14,"column":44},"end":{"line":14,"column":50}},"loc":{"start":{"line":14,"column":50},"end":{"line":14,"column":null}},"line":14}},"branchMap":{},"s":{"0":1,"1":1,"2":0,"3":0},"f":{"0":1,"1":0,"2":0},"b":{},"meta":{"lastBranch":0,"lastFunction":3,"lastStatement":4,"seen":{"s:8:43:21:Infinity":0,"f:8:43:8:44":0,"s:9:4:14:35":1,"f:13:30:13:31":1,"s:13:31:14:35":2,"f:14:44:14:50":2,"s:14:50:14:Infinity":3}}}
,"C:\\Users\\saull\\Documents\\React Fernando Herrera 0 a experto\\03-gifs-app\\src\\gifs\\hooks\\useGifs.tsx": {"path":"C:\\Users\\saull\\Documents\\React Fernando Herrera 0 a experto\\03-gifs-app\\src\\gifs\\hooks\\useGifs.tsx","statementMap":{"0":{"start":{"line":6,"column":23},"end":{"line":48,"column":null}},"1":{"start":{"line":7,"column":25},"end":{"line":7,"column":null}},"2":{"start":{"line":8,"column":43},"end":{"line":8,"column":null}},"3":{"start":{"line":10,"column":10},"end":{"line":10,"column":null}},"4":{"start":{"line":12,"column":30},"end":{"line":22,"column":null}},"5":{"start":{"line":14,"column":8},"end":{"line":17,"column":null}},"6":{"start":{"line":15,"column":12},"end":{"line":15,"column":null}},"7":{"start":{"line":16,"column":12},"end":{"line":16,"column":null}},"8":{"start":{"line":18,"column":21},"end":{"line":18,"column":null}},"9":{"start":{"line":19,"column":8},"end":{"line":19,"column":null}},"10":{"start":{"line":20,"column":8},"end":{"line":20,"column":null}},"11":{"start":{"line":23,"column":25},"end":{"line":39,"column":null}},"12":{"start":{"line":24,"column":8},"end":{"line":24,"column":null}},"13":{"start":{"line":26,"column":8},"end":{"line":26,"column":null}},"14":{"start":{"line":26,"column":32},"end":{"line":26,"column":null}},"15":{"start":{"line":28,"column":8},"end":{"line":28,"column":null}},"16":{"start":{"line":28,"column":43},"end":{"line":28,"column":null}},"17":{"start":{"line":31,"column":8},"end":{"line":34,"column":null}},"18":{"start":{"line":32,"column":28},"end":{"line":32,"column":null}},"19":{"start":{"line":33,"column":12},"end":{"line":33,"column":null}},"20":{"start":{"line":36,"column":21},"end":{"line":36,"column":null}},"21":{"start":{"line":37,"column":8},"end":{"line":37,"column":null}},"22":{"start":{"line":38,"column":8},"end":{"line":38,"column":null}},"23":{"start":{"line":40,"column":4},"end":{"line":47,"column":null}}},"fnMap":{"0":{"name":"(anonymous_0)","decl":{"start":{"line":6,"column":23},"end":{"line":6,"column":null}},"loc":{"start":{"line":6,"column":23},"end":{"line":48,"column":null}},"line":6},"1":{"name":"(anonymous_1)","decl":{"start":{"line":12,"column":30},"end":{"line":12,"column":37}},"loc":{"start":{"line":12,"column":37},"end":{"line":22,"column":null}},"line":12},"2":{"name":"(anonymous_2)","decl":{"start":{"line":23,"column":25},"end":{"line":23,"column":32}},"loc":{"start":{"line":23,"column":50},"end":{"line":39,"column":null}},"line":23},"3":{"name":"(anonymous_3)","decl":{"start":{"line":31,"column":25},"end":{"line":31,"column":26}},"loc":{"start":{"line":31,"column":26},"end":{"line":34,"column":null}},"line":31}},"branchMap":{"0":{"loc":{"start":{"line":14,"column":8},"end":{"line":17,"column":null}},"type":"if","locations":[{"start":{"line":14,"column":8},"end":{"line":17,"column":null}},{"start":{},"end":{}}],"line":14},"1":{"loc":{"start":{"line":23,"column":32},"end":{"line":23,"column":50}},"type":"default-arg","locations":[{"start":{"line":23,"column":48},"end":{"line":23,"column":50}}],"line":23},"2":{"loc":{"start":{"line":26,"column":8},"end":{"line":26,"column":null}},"type":"if","locations":[{"start":{"line":26,"column":8},"end":{"line":26,"column":null}},{"start":{},"end":{}}],"line":26},"3":{"loc":{"start":{"line":28,"column":8},"end":{"line":28,"column":null}},"type":"if","locations":[{"start":{"line":28,"column":8},"end":{"line":28,"column":null}},{"start":{},"end":{}}],"line":28}},"s":{"0":2,"1":19,"2":19,"3":19,"4":19,"5":3,"6":1,"7":1,"8":2,"9":2,"10":2,"11":19,"12":10,"13":10,"14":0,"15":10,"16":0,"17":10,"18":10,"19":10,"20":10,"21":10,"22":10,"23":19},"f":{"0":19,"1":3,"2":10,"3":10},"b":{"0":[1,2],"1":[10],"2":[0,10],"3":[0,10]},"meta":{"lastBranch":4,"lastFunction":4,"lastStatement":24,"seen":{"s:6:23:48:Infinity":0,"f:6:23:6:Infinity":0,"s:7:25:7:Infinity":1,"s:8:43:8:Infinity":2,"s:10:10:10:Infinity":3,"s:12:30:22:Infinity":4,"f:12:30:12:37":1,"b:14:8:17:Infinity:undefined:undefined:undefined:undefined":0,"s:14:8:17:Infinity":5,"s:15:12:15:Infinity":6,"s:16:12:16:Infinity":7,"s:18:21:18:Infinity":8,"s:19:8:19:Infinity":9,"s:20:8:20:Infinity":10,"s:23:25:39:Infinity":11,"f:23:25:23:32":2,"b:23:48:23:50":1,"s:24:8:24:Infinity":12,"b:26:8:26:Infinity:undefined:undefined:undefined:undefined":2,"s:26:8:26:Infinity":13,"s:26:32:26:Infinity":14,"b:28:8:28:Infinity:undefined:undefined:undefined:undefined":3,"s:28:8:28:Infinity":15,"s:28:43:28:Infinity":16,"s:31:8:34:Infinity":17,"f:31:25:31:26":3,"s:32:28:32:Infinity":18,"s:33:12:33:Infinity":19,"s:36:21:36:Infinity":20,"s:37:8:37:Infinity":21,"s:38:8:38:Infinity":22,"s:40:4:47:Infinity":23}}}
,"C:\\Users\\saull\\Documents\\React Fernando Herrera 0 a experto\\03-gifs-app\\src\\shared\\components\\CustomHeader.tsx": {"path":"C:\\Users\\saull\\Documents\\React Fernando Herrera 0 a experto\\03-gifs-app\\src\\shared\\components\\CustomHeader.tsx","statementMap":{"0":{"start":{"line":6,"column":28},"end":{"line":13,"column":null}},"1":{"start":{"line":7,"column":4},"end":{"line":10,"column":null}}},"fnMap":{"0":{"name":"(anonymous_0)","decl":{"start":{"line":6,"column":28},"end":{"line":6,"column":29}},"loc":{"start":{"line":6,"column":56},"end":{"line":13,"column":null}},"line":6}},"branchMap":{"0":{"loc":{"start":{"line":10,"column":13},"end":{"line":10,"column":null}},"type":"binary-expr","locations":[{"start":{"line":10,"column":13},"end":{"line":10,"column":28}},{"start":{"line":10,"column":13},"end":{"line":10,"column":null}}],"line":10}},"s":{"0":2,"1":4},"f":{"0":4},"b":{"0":[4,2]},"meta":{"lastBranch":1,"lastFunction":1,"lastStatement":2,"seen":{"s:6:28:13:Infinity":0,"f:6:28:6:29":0,"s:7:4:10:Infinity":1,"b:10:13:10:28:10:13:10:Infinity":0}}}
,"C:\\Users\\saull\\Documents\\React Fernando Herrera 0 a experto\\03-gifs-app\\src\\shared\\components\\SearchBar.tsx": {"path":"C:\\Users\\saull\\Documents\\React Fernando Herrera 0 a experto\\03-gifs-app\\src\\shared\\components\\SearchBar.tsx","statementMap":{"0":{"start":{"line":7,"column":25},"end":{"line":44,"column":null}},"1":{"start":{"line":8,"column":27},"end":{"line":8,"column":null}},"2":{"start":{"line":10,"column":4},"end":{"line":19,"column":null}},"3":{"start":{"line":11,"column":26},"end":{"line":13,"column":null}},"4":{"start":{"line":12,"column":12},"end":{"line":12,"column":null}},"5":{"start":{"line":16,"column":8},"end":{"line":18,"column":null}},"6":{"start":{"line":17,"column":12},"end":{"line":17,"column":null}},"7":{"start":{"line":21,"column":25},"end":{"line":24,"column":null}},"8":{"start":{"line":22,"column":8},"end":{"line":22,"column":null}},"9":{"start":{"line":23,"column":8},"end":{"line":23,"column":null}},"10":{"start":{"line":26,"column":26},"end":{"line":30,"column":null}},"11":{"start":{"line":27,"column":8},"end":{"line":29,"column":null}},"12":{"start":{"line":28,"column":12},"end":{"line":28,"column":null}},"13":{"start":{"line":32,"column":4},"end":{"line":41,"column":null}},"14":{"start":{"line":38,"column":40},"end":{"line":38,"column":null}}},"fnMap":{"0":{"name":"(anonymous_0)","decl":{"start":{"line":7,"column":25},"end":{"line":7,"column":26}},"loc":{"start":{"line":7,"column":66},"end":{"line":44,"column":null}},"line":7},"1":{"name":"(anonymous_1)","decl":{"start":{"line":10,"column":15},"end":{"line":10,"column":null}},"loc":{"start":{"line":10,"column":15},"end":{"line":19,"column":7}},"line":10},"2":{"name":"(anonymous_2)","decl":{"start":{"line":11,"column":37},"end":{"line":11,"column":null}},"loc":{"start":{"line":11,"column":37},"end":{"line":13,"column":11}},"line":11},"3":{"name":"(anonymous_3)","decl":{"start":{"line":16,"column":15},"end":{"line":16,"column":null}},"loc":{"start":{"line":16,"column":15},"end":{"line":18,"column":null}},"line":16},"4":{"name":"(anonymous_4)","decl":{"start":{"line":21,"column":25},"end":{"line":21,"column":null}},"loc":{"start":{"line":21,"column":25},"end":{"line":24,"column":null}},"line":21},"5":{"name":"(anonymous_5)","decl":{"start":{"line":26,"column":26},"end":{"line":26,"column":27}},"loc":{"start":{"line":26,"column":27},"end":{"line":30,"column":null}},"line":26},"6":{"name":"(anonymous_6)","decl":{"start":{"line":38,"column":29},"end":{"line":38,"column":30}},"loc":{"start":{"line":38,"column":40},"end":{"line":38,"column":null}},"line":38}},"branchMap":{"0":{"loc":{"start":{"line":7,"column":27},"end":{"line":7,"column":49}},"type":"default-arg","locations":[{"start":{"line":7,"column":41},"end":{"line":7,"column":49}}],"line":7},"1":{"loc":{"start":{"line":27,"column":8},"end":{"line":29,"column":null}},"type":"if","locations":[{"start":{"line":27,"column":8},"end":{"line":29,"column":null}},{"start":{},"end":{}}],"line":27}},"s":{"0":2,"1":14,"2":14,"3":14,"4":2,"5":14,"6":14,"7":14,"8":1,"9":1,"10":14,"11":0,"12":0,"13":14,"14":6},"f":{"0":14,"1":14,"2":2,"3":14,"4":1,"5":0,"6":6},"b":{"0":[14],"1":[0,0]},"meta":{"lastBranch":2,"lastFunction":7,"lastStatement":15,"seen":{"s:7:25:44:Infinity":0,"f:7:25:7:26":0,"b:7:41:7:49":0,"s:8:27:8:Infinity":1,"s:10:4:19:Infinity":2,"f:10:15:10:Infinity":1,"s:11:26:13:Infinity":3,"f:11:37:11:Infinity":2,"s:12:12:12:Infinity":4,"s:16:8:18:Infinity":5,"f:16:15:16:Infinity":3,"s:17:12:17:Infinity":6,"s:21:25:24:Infinity":7,"f:21:25:21:Infinity":4,"s:22:8:22:Infinity":8,"s:23:8:23:Infinity":9,"s:26:26:30:Infinity":10,"f:26:26:26:27":5,"b:27:8:29:Infinity:undefined:undefined:undefined:undefined":1,"s:27:8:29:Infinity":11,"s:28:12:28:Infinity":12,"s:32:4:41:Infinity":13,"f:38:29:38:30":6,"s:38:40:38:Infinity":14}}}
,"C:\\Users\\saull\\Documents\\React Fernando Herrera 0 a experto\\03-gifs-app\\tests\\mocks\\giphy.response.data.ts": {"path":"C:\\Users\\saull\\Documents\\React Fernando Herrera 0 a experto\\03-gifs-app\\tests\\mocks\\giphy.response.data.ts","statementMap":{"0":{"start":{"line":1,"column":39},"end":{"line":2004,"column":null}}},"fnMap":{},"branchMap":{},"s":{"0":1},"f":{},"b":{},"meta":{"lastBranch":0,"lastFunction":0,"lastStatement":1,"seen":{"s:1:39:2004:Infinity":0}}}
}
